2022-01-21 10:14:27.820  INFO 14944 --- [main] com.security.MysqlClickhouseApplicatin   : Starting MysqlClickhouseApplicatin using Java 1.8.0_191 on pc-L with PID 14944 (C:\work\ideaproject\db-syn\mysql-clickhouse\target\classes started by Saint Kay in C:\work\ideaproject\db-syn)
2022-01-21 10:14:27.849  INFO 14944 --- [main] com.security.MysqlClickhouseApplicatin   : No active profile set, falling back to default profiles: default
2022-01-21 10:14:29.148  INFO 14944 --- [main] com.zaxxer.hikari.HikariDataSource       : HikariPool-1 - Starting...
2022-01-21 10:14:30.442  INFO 14944 --- [main] com.zaxxer.hikari.HikariDataSource       : HikariPool-1 - Start completed.
2022-01-21 10:14:30.805  INFO 14944 --- [main] c.g.shyiko.mysql.binlog.BinaryLogClient  : Connected to 192.168.2.203:3306 at mysql-bin.000337/26703 (sid:1, cid:3782)
2022-01-21 10:14:30.873  INFO 14944 --- [main] com.security.mysql.test                  : dml-->{database=atlantis-cloud, data=[{data={"id":20002,"gaa":["222",34,"古法"],"createTime":1603078438959,"modifyTime":1635504893907}, id=2}], datatype={data=json, id=int}, type=INSERT, table=abc, prikey=id}
2022-01-21 10:14:30.874  INFO 14944 --- [main] com.zaxxer.hikari.HikariDataSource       : HikariPool-2 - Starting...
2022-01-21 10:14:31.011  INFO 14944 --- [main] com.zaxxer.hikari.HikariDataSource       : HikariPool-2 - Start completed.
2022-01-21 10:14:31.451  INFO 14944 --- [main] com.security.clickhouse.test111          : sql->INSERT INTO `atlantis-cloud`.`abc` (`id`,`gaa`,`createTime`,`modifyTime`) VALUES('2','[222, 34, 古法]','1603078438959','1635504893907');
2022-01-21 10:14:31.476  INFO 14944 --- [main] com.security.mysql.test                  : dml-->{database=atlantis-cloud, data=[{data=null, id=3}], datatype={data=json, id=int}, type=INSERT, table=abc, prikey=id}
2022-01-21 10:14:31.476  INFO 14944 --- [main] com.security.clickhouse.test111          : sql->INSERT INTO `atlantis-cloud`.`abc` (`id`) VALUES('3');
2022-01-21 10:14:31.506  INFO 14944 --- [main] com.security.mysql.test                  : dml-->{database=atlantis-cloud, data=[{data={"id":20002,"gaa":["222",34,"古法"],"createTime":{"aa":1603078438959,"bb":16.04893907}}, id=3}], datatype={data=json, id=int}, type=UPDATE, table=abc, prikey=id}
2022-01-21 10:30:28.105  WARN 14944 --- [HikariPool-2 housekeeper] com.zaxxer.hikari.pool.HikariPool        : HikariPool-2 - Thread starvation or clock leap detected (housekeeper delta=15m56s983ms747µs700ns).
2022-01-21 10:30:28.105  WARN 14944 --- [HikariPool-1 housekeeper] com.zaxxer.hikari.pool.HikariPool        : HikariPool-1 - Thread starvation or clock leap detected (housekeeper delta=15m57s554ms541µs).
2022-01-21 10:30:28.106  INFO 14944 --- [main] com.security.clickhouse.test111          : sql->ALTER TABLE `atlantis-cloud`.`abc` UPDATE `cc`='null',`bb`='null',`createTgime`='null',`modifyTime`='null',`abc`='null',`createTime`='{aa=1603078438959, bb=16.04893907}',`gaa`='[222, 34, 古法]' WHERE `id`=3
2022-01-21 10:30:28.154  INFO 14944 --- [main] com.security.mysql.test                  : dml-->{database=atlantis-cloud, data=[{data={"cc":123,"id":20002,"gaa":["222",34,"古法"],"createTime":{"aa":1603078438959,"bb":16.04893907}}, id=4}], datatype={data=json, id=int}, type=INSERT, table=abc, prikey=id}
2022-01-21 10:30:28.154  INFO 14944 --- [main] com.security.clickhouse.test111          : sql->INSERT INTO `atlantis-cloud`.`abc` (`id`,`cc`,`gaa`,`createTime`) VALUES('4','123','[222, 34, 古法]','{aa=1603078438959, bb=16.04893907}');
2022-01-21 10:30:28.170  INFO 14944 --- [main] com.security.mysql.test                  : dml-->{database=atlantis-cloud, data=[{data={"cc":123,"id":20002,"gaa":["222",34,"古法"],"createTgime":{"aa":1603078438959,"bb":16.04893907}}, id=5}], datatype={data=json, id=int}, type=INSERT, table=abc, prikey=id}
2022-01-21 10:30:28.171  INFO 14944 --- [main] com.security.clickhouse.test111          : sql->INSERT INTO `atlantis-cloud`.`abc` (`id`,`cc`,`gaa`,`createTgime`) VALUES('5','123','[222, 34, 古法]','{aa=1603078438959, bb=16.04893907}');
2022-01-21 10:30:28.178  INFO 14944 --- [main] com.security.mysql.test                  : dml-->{database=atlantis-cloud, data=[{data={"cc":123,"id":20002,"gaa":["222",34,"古法"],"createTgime":{"aa":1603078438959,"bb":16.04893907}}, id=6}], datatype={data=json, id=int}, type=INSERT, table=abc, prikey=id}
2022-01-21 10:30:28.178  INFO 14944 --- [main] com.security.clickhouse.test111          : sql->INSERT INTO `atlantis-cloud`.`abc` (`id`,`cc`,`gaa`,`createTgime`) VALUES('6','123','[222, 34, 古法]','{aa=1603078438959, bb=16.04893907}');
2022-01-21 10:30:28.187  INFO 14944 --- [main] com.security.mysql.test                  : dml-->{database=atlantis-cloud, data=[{data={"cc":123,"id":20002,"abc":"h哈哈","gaa":["222",34,"古法"],"createTgime":{"aa":1603078438959,"bb":16.04893907}}, id=7}], datatype={data=json, id=int}, type=INSERT, table=abc, prikey=id}
2022-01-21 10:30:28.188  INFO 14944 --- [main] com.security.clickhouse.test111          : sql->INSERT INTO `atlantis-cloud`.`abc` (`id`,`cc`,`abc`,`gaa`,`createTgime`) VALUES('7','123','h哈哈','[222, 34, 古法]','{aa=1603078438959, bb=16.04893907}');
2022-01-21 10:30:28.216  INFO 14944 --- [main] com.security.mysql.test                  : dml-->{database=atlantis-cloud, data=[{data={"bb":16.04893907}, id=7}], datatype={data=json, id=int}, type=UPDATE, table=abc, prikey=id}
2022-01-21 10:30:28.216  INFO 14944 --- [main] com.security.clickhouse.test111          : sql->ALTER TABLE `atlantis-cloud`.`abc` UPDATE `cc`='null',`bb`='16.04893907',`createTgime`='null',`modifyTime`='null',`abc`='null',`createTime`='null',`gaa`='null' WHERE `id`=7
2022-01-21 10:30:34.644  INFO 14500 --- [main] com.security.MysqlClickhouseApplicatin   : Starting MysqlClickhouseApplicatin using Java 1.8.0_191 on pc-L with PID 14500 (C:\work\ideaproject\db-syn\mysql-clickhouse\target\classes started by Saint Kay in C:\work\ideaproject\db-syn)
2022-01-21 10:30:34.647  INFO 14500 --- [main] com.security.MysqlClickhouseApplicatin   : No active profile set, falling back to default profiles: default
2022-01-21 10:30:35.647  INFO 14500 --- [main] com.zaxxer.hikari.HikariDataSource       : HikariPool-1 - Starting...
2022-01-21 10:30:36.850  INFO 14500 --- [main] com.zaxxer.hikari.HikariDataSource       : HikariPool-1 - Start completed.
2022-01-21 10:30:37.107  INFO 14500 --- [main] c.g.shyiko.mysql.binlog.BinaryLogClient  : Connected to 192.168.2.203:3306 at mysql-bin.000337/26703 (sid:1, cid:3792)
2022-01-21 10:30:37.176  INFO 14500 --- [main] com.security.mysql.test                  : dml-->{database=atlantis-cloud, data=[{data={"id":20002,"gaa":["222",34,"古法"],"createTime":1603078438959,"modifyTime":1635504893907}, id=2}], datatype={data=json, id=int}, type=INSERT, table=abc, prikey=id}
2022-01-21 10:30:37.176  INFO 14500 --- [main] com.zaxxer.hikari.HikariDataSource       : HikariPool-2 - Starting...
2022-01-21 10:30:37.313  INFO 14500 --- [main] com.zaxxer.hikari.HikariDataSource       : HikariPool-2 - Start completed.
2022-01-21 10:30:37.732  INFO 14500 --- [main] com.security.clickhouse.test111          : sql->INSERT INTO `atlantis-cloud`.`abc` (`id`,`gaa`,`createTime`,`modifyTime`) VALUES('2','[222, 34, 古法]','1603078438959','1635504893907');
2022-01-21 10:31:19.984  INFO 14500 --- [main] com.security.mysql.test                  : dml-->{database=atlantis-cloud, data=[{data=null, id=3}], datatype={data=json, id=int}, type=INSERT, table=abc, prikey=id}
2022-01-21 10:31:19.984  INFO 14500 --- [main] com.security.clickhouse.test111          : sql->INSERT INTO `atlantis-cloud`.`abc` (`id`) VALUES('3');
2022-01-21 10:31:26.332  INFO 14500 --- [main] com.security.mysql.test                  : dml-->{database=atlantis-cloud, data=[{data={"id":20002,"gaa":["222",34,"古法"],"createTime":{"aa":1603078438959,"bb":16.04893907}}, id=3}], datatype={data=json, id=int}, type=UPDATE, table=abc, prikey=id}
2022-01-21 10:31:26.334  INFO 14500 --- [main] com.security.clickhouse.test111          : sql->ALTER TABLE `atlantis-cloud`.`abc` UPDATE `gaa`='[222, 34, 古法]',`createTime`='{aa=1603078438959, bb=16.04893907}' WHERE `id`=3
2022-01-21 10:31:43.690  INFO 14500 --- [main] com.security.mysql.test                  : dml-->{database=atlantis-cloud, data=[{data={"cc":123,"id":20002,"gaa":["222",34,"古法"],"createTime":{"aa":1603078438959,"bb":16.04893907}}, id=4}], datatype={data=json, id=int}, type=INSERT, table=abc, prikey=id}
2022-01-21 10:31:43.691  INFO 14500 --- [main] com.security.clickhouse.test111          : sql->INSERT INTO `atlantis-cloud`.`abc` (`id`,`cc`,`gaa`,`createTime`) VALUES('4','123','[222, 34, 古法]','{aa=1603078438959, bb=16.04893907}');
2022-01-21 10:32:46.980  WARN 14500 --- [HikariPool-2 housekeeper] com.zaxxer.hikari.pool.HikariPool        : HikariPool-2 - Thread starvation or clock leap detected (housekeeper delta=1m26s997ms737µs200ns).
2022-01-21 10:32:46.980  WARN 14500 --- [HikariPool-1 housekeeper] com.zaxxer.hikari.pool.HikariPool        : HikariPool-1 - Thread starvation or clock leap detected (housekeeper delta=1m26s997ms736µs200ns).
2022-01-21 10:32:47.045  INFO 14500 --- [main] com.security.mysql.test                  : dml-->{database=atlantis-cloud, data=[{data={"cc":123,"id":20002,"gaa":["222",34,"古法"],"createTgime":{"aa":1603078438959,"bb":16.04893907}}, id=5}], datatype={data=json, id=int}, type=INSERT, table=abc, prikey=id}
2022-01-21 10:32:47.045  INFO 14500 --- [main] com.security.clickhouse.test111          : sql->INSERT INTO `atlantis-cloud`.`abc` (`id`,`cc`,`gaa`,`createTgime`) VALUES('5','123','[222, 34, 古法]','{aa=1603078438959, bb=16.04893907}');
2022-01-21 10:33:23.760  INFO 14500 --- [main] com.security.mysql.test                  : dml-->{database=atlantis-cloud, data=[{data={"cc":123,"id":20002,"gaa":["222",34,"古法"],"createTgime":{"aa":1603078438959,"bb":16.04893907}}, id=6}], datatype={data=json, id=int}, type=INSERT, table=abc, prikey=id}
2022-01-21 10:33:23.761  INFO 14500 --- [main] com.security.clickhouse.test111          : sql->INSERT INTO `atlantis-cloud`.`abc` (`id`,`cc`,`gaa`,`createTgime`) VALUES('6','123','[222, 34, 古法]','{aa=1603078438959, bb=16.04893907}');
2022-01-21 10:33:27.021  INFO 14500 --- [main] com.security.mysql.test                  : dml-->{database=atlantis-cloud, data=[{data={"cc":123,"id":20002,"abc":"h哈哈","gaa":["222",34,"古法"],"createTgime":{"aa":1603078438959,"bb":16.04893907}}, id=7}], datatype={data=json, id=int}, type=INSERT, table=abc, prikey=id}
2022-01-21 10:33:27.021  INFO 14500 --- [main] com.security.clickhouse.test111          : sql->INSERT INTO `atlantis-cloud`.`abc` (`id`,`cc`,`abc`,`gaa`,`createTgime`) VALUES('7','123','h哈哈','[222, 34, 古法]','{aa=1603078438959, bb=16.04893907}');
2022-01-21 10:33:29.503  INFO 14500 --- [main] com.security.mysql.test                  : dml-->{database=atlantis-cloud, data=[{data={"bb":16.04893907}, id=7}], datatype={data=json, id=int}, type=UPDATE, table=abc, prikey=id}
2022-01-21 10:33:29.504  INFO 14500 --- [main] com.security.clickhouse.test111          : sql->ALTER TABLE `atlantis-cloud`.`abc` UPDATE `bb`='16.04893907' WHERE `id`=7
2022-01-21 10:35:12.383  INFO 14500 --- [main] com.security.mysql.test                  : dml-->{database=atlantis-cloud, data=[{data={"bb":16.04893907}, id=8}], datatype={data=json, id=int}, type=INSERT, table=abc, prikey=id}
2022-01-21 10:35:12.384  INFO 14500 --- [main] com.security.clickhouse.test111          : sql->INSERT INTO `atlantis-cloud`.`abc` (`id`,`bb`) VALUES('8','16.04893907');
2022-01-21 10:35:12.586  WARN 14500 --- [main] c.g.shyiko.mysql.binlog.BinaryLogClient  : com.security.mysql.test$1@5b000fe6 choked on Event{header=EventHeaderV4{timestamp=1642732511000, eventType=EXT_WRITE_ROWS, serverId=1, headerLength=19, dataLength=47, nextPosition=30247, flags=0}, data=WriteRowsEventData{tableId=3912, includedColumns={0, 1}, rows=[
    [8, [B@4751e8b9]
]}}

org.springframework.jdbc.BadSqlGrammarException: StatementCallback; bad SQL grammar [INSERT INTO `atlantis-cloud`.`abc` (`id`,`bb`) VALUES('8','16.04893907');]; nested exception is java.sql.SQLException: Code: 60. DB::Exception: Table `atlantis-cloud`.abc doesn't exist. (UNKNOWN_TABLE) (version 21.12.3.32 (official build))
, server ClickHouseNode(addr=http:192.168.2.12:8123, db=default)@2013060344
	at org.springframework.jdbc.support.SQLStateSQLExceptionTranslator.doTranslate(SQLStateSQLExceptionTranslator.java:101) ~[spring-jdbc-5.3.14.jar:5.3.14]
	at org.springframework.jdbc.support.AbstractFallbackSQLExceptionTranslator.translate(AbstractFallbackSQLExceptionTranslator.java:70) ~[spring-jdbc-5.3.14.jar:5.3.14]
	at org.springframework.jdbc.support.AbstractFallbackSQLExceptionTranslator.translate(AbstractFallbackSQLExceptionTranslator.java:79) ~[spring-jdbc-5.3.14.jar:5.3.14]
	at org.springframework.jdbc.support.AbstractFallbackSQLExceptionTranslator.translate(AbstractFallbackSQLExceptionTranslator.java:79) ~[spring-jdbc-5.3.14.jar:5.3.14]
	at org.springframework.jdbc.core.JdbcTemplate.translateException(JdbcTemplate.java:1541) ~[spring-jdbc-5.3.14.jar:5.3.14]
	at org.springframework.jdbc.core.JdbcTemplate.execute(JdbcTemplate.java:393) ~[spring-jdbc-5.3.14.jar:5.3.14]
	at org.springframework.jdbc.core.JdbcTemplate.execute(JdbcTemplate.java:431) ~[spring-jdbc-5.3.14.jar:5.3.14]
	at com.security.clickhouse.test111.lambda$executeDml$3(test111.java:131) ~[classes/:na]
	at java.util.ArrayList.forEach(ArrayList.java:1257) ~[na:1.8.0_191]
	at com.security.clickhouse.test111.executeDml(test111.java:106) ~[classes/:na]
	at com.security.mysql.test$1.onEvent(test.java:65) ~[classes/:na]
	at com.github.shyiko.mysql.binlog.BinaryLogClient.notifyEventListeners(BinaryLogClient.java:1127) [mysql-binlog-connector-java-0.20.0.jar:0.20.0]
	at com.github.shyiko.mysql.binlog.BinaryLogClient.listenForEventPackets(BinaryLogClient.java:975) [mysql-binlog-connector-java-0.20.0.jar:0.20.0]
	at com.github.shyiko.mysql.binlog.BinaryLogClient.connect(BinaryLogClient.java:581) [mysql-binlog-connector-java-0.20.0.jar:0.20.0]
	at com.security.mysql.test.test(test.java:80) [classes/:na]
	at sun.reflect.NativeMethodAccessorImpl.invoke0(Native Method) ~[na:1.8.0_191]
	at sun.reflect.NativeMethodAccessorImpl.invoke(NativeMethodAccessorImpl.java:62) ~[na:1.8.0_191]
	at sun.reflect.DelegatingMethodAccessorImpl.invoke(DelegatingMethodAccessorImpl.java:43) ~[na:1.8.0_191]
	at java.lang.reflect.Method.invoke(Method.java:498) ~[na:1.8.0_191]
	at org.springframework.beans.factory.annotation.InitDestroyAnnotationBeanPostProcessor$LifecycleElement.invoke(InitDestroyAnnotationBeanPostProcessor.java:389) [spring-beans-5.3.14.jar:5.3.14]
	at org.springframework.beans.factory.annotation.InitDestroyAnnotationBeanPostProcessor$LifecycleMetadata.invokeInitMethods(InitDestroyAnnotationBeanPostProcessor.java:333) [spring-beans-5.3.14.jar:5.3.14]
	at org.springframework.beans.factory.annotation.InitDestroyAnnotationBeanPostProcessor.postProcessBeforeInitialization(InitDestroyAnnotationBeanPostProcessor.java:157) [spring-beans-5.3.14.jar:5.3.14]
	at org.springframework.beans.factory.support.AbstractAutowireCapableBeanFactory.applyBeanPostProcessorsBeforeInitialization(AbstractAutowireCapableBeanFactory.java:440) [spring-beans-5.3.14.jar:5.3.14]
	at org.springframework.beans.factory.support.AbstractAutowireCapableBeanFactory.initializeBean(AbstractAutowireCapableBeanFactory.java:1796) [spring-beans-5.3.14.jar:5.3.14]
	at org.springframework.beans.factory.support.AbstractAutowireCapableBeanFactory.doCreateBean(AbstractAutowireCapableBeanFactory.java:620) [spring-beans-5.3.14.jar:5.3.14]
	at org.springframework.beans.factory.support.AbstractAutowireCapableBeanFactory.createBean(AbstractAutowireCapableBeanFactory.java:542) [spring-beans-5.3.14.jar:5.3.14]
	at org.springframework.beans.factory.support.AbstractBeanFactory.lambda$doGetBean$0(AbstractBeanFactory.java:335) [spring-beans-5.3.14.jar:5.3.14]
	at org.springframework.beans.factory.support.DefaultSingletonBeanRegistry.getSingleton(DefaultSingletonBeanRegistry.java:234) ~[spring-beans-5.3.14.jar:5.3.14]
	at org.springframework.beans.factory.support.AbstractBeanFactory.doGetBean(AbstractBeanFactory.java:333) [spring-beans-5.3.14.jar:5.3.14]
	at org.springframework.beans.factory.support.AbstractBeanFactory.getBean(AbstractBeanFactory.java:208) [spring-beans-5.3.14.jar:5.3.14]
	at org.springframework.beans.factory.support.DefaultListableBeanFactory.preInstantiateSingletons(DefaultListableBeanFactory.java:953) ~[spring-beans-5.3.14.jar:5.3.14]
	at org.springframework.context.support.AbstractApplicationContext.finishBeanFactoryInitialization(AbstractApplicationContext.java:918) ~[spring-context-5.3.14.jar:5.3.14]
	at org.springframework.context.support.AbstractApplicationContext.refresh(AbstractApplicationContext.java:583) ~[spring-context-5.3.14.jar:5.3.14]
	at org.springframework.boot.SpringApplication.refresh(SpringApplication.java:765) ~[spring-boot-2.5.8.jar:2.5.8]
	at org.springframework.boot.SpringApplication.refreshContext(SpringApplication.java:445) ~[spring-boot-2.5.8.jar:2.5.8]
	at org.springframework.boot.SpringApplication.run(SpringApplication.java:338) ~[spring-boot-2.5.8.jar:2.5.8]
	at org.springframework.boot.SpringApplication.run(SpringApplication.java:1354) ~[spring-boot-2.5.8.jar:2.5.8]
	at org.springframework.boot.SpringApplication.run(SpringApplication.java:1343) ~[spring-boot-2.5.8.jar:2.5.8]
	at com.security.MysqlClickhouseApplicatin.main(MysqlClickhouseApplicatin.java:14) ~[classes/:na]
Caused by: java.sql.SQLException: Code: 60. DB::Exception: Table `atlantis-cloud`.abc doesn't exist. (UNKNOWN_TABLE) (version 21.12.3.32 (official build))
, server ClickHouseNode(addr=http:192.168.2.12:8123, db=default)@2013060344
	at com.clickhouse.jdbc.SqlExceptionUtils.handle(SqlExceptionUtils.java:54) ~[clickhouse-jdbc-0.3.2.jar:clickhouse-jdbc 0.3.2 (revision: 1795272)]
	at com.clickhouse.jdbc.SqlExceptionUtils.handle(SqlExceptionUtils.java:69) ~[clickhouse-jdbc-0.3.2.jar:clickhouse-jdbc 0.3.2 (revision: 1795272)]
	at com.clickhouse.jdbc.internal.ClickHouseStatementImpl.getLastResponse(ClickHouseStatementImpl.java:80) ~[clickhouse-jdbc-0.3.2.jar:clickhouse-jdbc 0.3.2 (revision: 1795272)]
	at com.clickhouse.jdbc.internal.ClickHouseStatementImpl.executeQuery(ClickHouseStatementImpl.java:257) ~[clickhouse-jdbc-0.3.2.jar:clickhouse-jdbc 0.3.2 (revision: 1795272)]
	at com.clickhouse.jdbc.internal.ClickHouseStatementImpl.execute(ClickHouseStatementImpl.java:409) ~[clickhouse-jdbc-0.3.2.jar:clickhouse-jdbc 0.3.2 (revision: 1795272)]
	at com.zaxxer.hikari.pool.ProxyStatement.execute(ProxyStatement.java:94) ~[HikariCP-4.0.3.jar:na]
	at com.zaxxer.hikari.pool.HikariProxyStatement.execute(HikariProxyStatement.java) ~[HikariCP-4.0.3.jar:na]
	at org.springframework.jdbc.core.JdbcTemplate$1ExecuteStatementCallback.doInStatement(JdbcTemplate.java:422) ~[spring-jdbc-5.3.14.jar:5.3.14]
	at org.springframework.jdbc.core.JdbcTemplate.execute(JdbcTemplate.java:381) ~[spring-jdbc-5.3.14.jar:5.3.14]
	... 33 common frames omitted
Caused by: java.io.IOException: Code: 60. DB::Exception: Table `atlantis-cloud`.abc doesn't exist. (UNKNOWN_TABLE) (version 21.12.3.32 (official build))

	at com.clickhouse.client.http.HttpUrlConnectionImpl.checkResponse(HttpUrlConnectionImpl.java:130) ~[clickhouse-http-client-0.3.2-shaded.jar:na]
	at com.clickhouse.client.http.HttpUrlConnectionImpl.post(HttpUrlConnectionImpl.java:201) ~[clickhouse-http-client-0.3.2-shaded.jar:na]
	at com.clickhouse.client.http.ClickHouseHttpClient.postRequest(ClickHouseHttpClient.java:88) ~[clickhouse-http-client-0.3.2-shaded.jar:na]
	at com.clickhouse.client.http.ClickHouseHttpClient.execute(ClickHouseHttpClient.java:115) ~[clickhouse-http-client-0.3.2-shaded.jar:na]
	at com.clickhouse.client.ClickHouseRequest.execute(ClickHouseRequest.java:1375) ~[clickhouse-grpc-client-0.3.2-netty.jar:na]
	at com.clickhouse.jdbc.internal.ClickHouseStatementImpl.getLastResponse(ClickHouseStatementImpl.java:75) ~[clickhouse-jdbc-0.3.2.jar:clickhouse-jdbc 0.3.2 (revision: 1795272)]
	... 39 common frames omitted

2022-01-21 10:35:57.577  INFO 8808 --- [main] com.security.MysqlClickhouseApplicatin   : Starting MysqlClickhouseApplicatin using Java 1.8.0_191 on pc-L with PID 8808 (C:\work\ideaproject\db-syn\mysql-clickhouse\target\classes started by Saint Kay in C:\work\ideaproject\db-syn)
2022-01-21 10:35:57.581  INFO 8808 --- [main] com.security.MysqlClickhouseApplicatin   : No active profile set, falling back to default profiles: default
2022-01-21 10:35:58.632  INFO 8808 --- [main] com.zaxxer.hikari.HikariDataSource       : HikariPool-1 - Starting...
2022-01-21 10:36:00.128  INFO 8808 --- [main] com.zaxxer.hikari.HikariDataSource       : HikariPool-1 - Start completed.
2022-01-21 10:36:00.647  INFO 8808 --- [main] c.g.shyiko.mysql.binlog.BinaryLogClient  : Connected to 192.168.2.203:3306 at mysql-bin.000337/26703 (sid:1, cid:3809)
2022-01-21 10:36:00.738  INFO 8808 --- [main] com.security.mysql.test                  : dml-->{database=atlantis-cloud, data=[{data={"id":20002,"gaa":["222",34,"古法"],"createTime":1603078438959,"modifyTime":1635504893907}, id=2}], datatype={data=json, id=int}, type=INSERT, table=abc, prikey=id}
2022-01-21 10:36:00.739  INFO 8808 --- [main] com.zaxxer.hikari.HikariDataSource       : HikariPool-2 - Starting...
2022-01-21 10:36:01.123  INFO 8808 --- [main] com.zaxxer.hikari.HikariDataSource       : HikariPool-2 - Start completed.
2022-01-21 10:36:02.249  INFO 8808 --- [main] com.security.clickhouse.test111          : sql->CREATE TABLE IF NOT EXISTS `atlantis-cloud`.`abc` (id UInt64,gaa Nullable(String),createTime Nullable(UInt64),modifyTime Nullable(UInt64)) ENGINE = ReplacingMergeTree() ORDER BY  (id) PRIMARY KEY (id);
2022-01-21 10:36:02.363  INFO 8808 --- [main] com.security.clickhouse.test111          : sql->INSERT INTO `atlantis-cloud`.`abc` (`id`,`gaa`,`createTime`,`modifyTime`) VALUES('2','[222, 34, 古法]','1603078438959','1635504893907');
2022-01-21 10:36:02.397  INFO 8808 --- [main] com.security.mysql.test                  : dml-->{database=atlantis-cloud, data=[{data=null, id=3}], datatype={data=json, id=int}, type=INSERT, table=abc, prikey=id}
2022-01-21 10:36:02.399  INFO 8808 --- [main] com.security.clickhouse.test111          : sql->INSERT INTO `atlantis-cloud`.`abc` (`id`) VALUES('3');
2022-01-21 10:36:02.445  INFO 8808 --- [main] com.security.mysql.test                  : dml-->{database=atlantis-cloud, data=[{data={"id":20002,"gaa":["222",34,"古法"],"createTime":{"aa":1603078438959,"bb":16.04893907}}, id=3}], datatype={data=json, id=int}, type=UPDATE, table=abc, prikey=id}
2022-01-21 10:36:02.452  INFO 8808 --- [main] com.security.clickhouse.test111          : sql->ALTER TABLE `atlantis-cloud`.`abc` UPDATE `gaa`='[222, 34, 古法]',`createTime`='{aa=1603078438959, bb=16.04893907}' WHERE `id`=3
2022-01-21 10:36:02.498  INFO 8808 --- [main] com.security.mysql.test                  : dml-->{database=atlantis-cloud, data=[{data={"cc":123,"id":20002,"gaa":["222",34,"古法"],"createTime":{"aa":1603078438959,"bb":16.04893907}}, id=4}], datatype={data=json, id=int}, type=INSERT, table=abc, prikey=id}
2022-01-21 10:36:02.498  INFO 8808 --- [main] com.security.clickhouse.test111          : sql->alter table `atlantis-cloud`.`abc` add column cc Nullable(UInt64)
2022-01-21 10:36:02.560  INFO 8808 --- [main] com.security.clickhouse.test111          : sql->INSERT INTO `atlantis-cloud`.`abc` (`id`,`cc`,`gaa`,`createTime`) VALUES('4','123','[222, 34, 古法]','{aa=1603078438959, bb=16.04893907}');
2022-01-21 10:36:02.598  INFO 8808 --- [main] com.security.mysql.test                  : dml-->{database=atlantis-cloud, data=[{data={"cc":123,"id":20002,"gaa":["222",34,"古法"],"createTgime":{"aa":1603078438959,"bb":16.04893907}}, id=5}], datatype={data=json, id=int}, type=INSERT, table=abc, prikey=id}
2022-01-21 10:36:02.600  INFO 8808 --- [main] com.security.clickhouse.test111          : sql->alter table `atlantis-cloud`.`abc` add column createTgime Nullable(String)
2022-01-21 10:36:02.652  INFO 8808 --- [main] com.security.clickhouse.test111          : sql->INSERT INTO `atlantis-cloud`.`abc` (`id`,`cc`,`gaa`,`createTgime`) VALUES('5','123','[222, 34, 古法]','{aa=1603078438959, bb=16.04893907}');
2022-01-21 10:36:02.686  INFO 8808 --- [main] com.security.mysql.test                  : dml-->{database=atlantis-cloud, data=[{data={"cc":123,"id":20002,"gaa":["222",34,"古法"],"createTgime":{"aa":1603078438959,"bb":16.04893907}}, id=6}], datatype={data=json, id=int}, type=INSERT, table=abc, prikey=id}
2022-01-21 10:36:02.687  INFO 8808 --- [main] com.security.clickhouse.test111          : sql->INSERT INTO `atlantis-cloud`.`abc` (`id`,`cc`,`gaa`,`createTgime`) VALUES('6','123','[222, 34, 古法]','{aa=1603078438959, bb=16.04893907}');
2022-01-21 10:36:02.718  INFO 8808 --- [main] com.security.mysql.test                  : dml-->{database=atlantis-cloud, data=[{data={"cc":123,"id":20002,"abc":"h哈哈","gaa":["222",34,"古法"],"createTgime":{"aa":1603078438959,"bb":16.04893907}}, id=7}], datatype={data=json, id=int}, type=INSERT, table=abc, prikey=id}
2022-01-21 10:36:02.719  INFO 8808 --- [main] com.security.clickhouse.test111          : sql->alter table `atlantis-cloud`.`abc` add column abc Nullable(String)
2022-01-21 10:36:02.766  INFO 8808 --- [main] com.security.clickhouse.test111          : sql->INSERT INTO `atlantis-cloud`.`abc` (`id`,`cc`,`abc`,`gaa`,`createTgime`) VALUES('7','123','h哈哈','[222, 34, 古法]','{aa=1603078438959, bb=16.04893907}');
2022-01-21 10:36:02.793  INFO 8808 --- [main] com.security.mysql.test                  : dml-->{database=atlantis-cloud, data=[{data={"bb":16.04893907}, id=7}], datatype={data=json, id=int}, type=UPDATE, table=abc, prikey=id}
2022-01-21 10:36:02.794  INFO 8808 --- [main] com.security.clickhouse.test111          : sql->alter table `atlantis-cloud`.`abc` add column bb Nullable(String)
2022-01-21 10:36:02.848  INFO 8808 --- [main] com.security.clickhouse.test111          : sql->ALTER TABLE `atlantis-cloud`.`abc` UPDATE `bb`='16.04893907' WHERE `id`=7
2022-01-21 10:36:02.876  INFO 8808 --- [main] com.security.mysql.test                  : dml-->{database=atlantis-cloud, data=[{data={"bb":16.04893907}, id=8}], datatype={data=json, id=int}, type=INSERT, table=abc, prikey=id}
2022-01-21 10:36:02.877  INFO 8808 --- [main] com.security.clickhouse.test111          : sql->INSERT INTO `atlantis-cloud`.`abc` (`id`,`bb`) VALUES('8','16.04893907');
2022-01-21 10:36:46.594  INFO 2108 --- [main] com.security.MysqlClickhouseApplicatin   : Starting MysqlClickhouseApplicatin using Java 1.8.0_191 on pc-L with PID 2108 (C:\work\ideaproject\db-syn\mysql-clickhouse\target\classes started by Saint Kay in C:\work\ideaproject\db-syn)
2022-01-21 10:36:46.599  INFO 2108 --- [main] com.security.MysqlClickhouseApplicatin   : No active profile set, falling back to default profiles: default
2022-01-21 10:36:47.712  INFO 2108 --- [main] com.zaxxer.hikari.HikariDataSource       : HikariPool-1 - Starting...
2022-01-21 10:36:49.602  INFO 2108 --- [main] com.zaxxer.hikari.HikariDataSource       : HikariPool-1 - Start completed.
2022-01-21 10:36:49.955  INFO 2108 --- [main] c.g.shyiko.mysql.binlog.BinaryLogClient  : Connected to 192.168.2.203:3306 at mysql-bin.000337/30247 (sid:1, cid:3820)
2022-01-21 10:37:06.641  INFO 7752 --- [main] com.security.MysqlClickhouseApplicatin   : Starting MysqlClickhouseApplicatin using Java 1.8.0_191 on pc-L with PID 7752 (C:\work\ideaproject\db-syn\mysql-clickhouse\target\classes started by Saint Kay in C:\work\ideaproject\db-syn)
2022-01-21 10:37:06.645  INFO 7752 --- [main] com.security.MysqlClickhouseApplicatin   : No active profile set, falling back to default profiles: default
2022-01-21 10:37:07.860  INFO 7752 --- [main] com.zaxxer.hikari.HikariDataSource       : HikariPool-1 - Starting...
2022-01-21 10:37:09.074  INFO 7752 --- [main] com.zaxxer.hikari.HikariDataSource       : HikariPool-1 - Start completed.
2022-01-21 10:37:09.402  INFO 7752 --- [main] c.g.shyiko.mysql.binlog.BinaryLogClient  : Connected to 192.168.2.203:3306 at mysql-bin.000337/30247 (sid:1, cid:3831)
2022-01-21 10:37:59.820  INFO 7752 --- [main] com.security.mysql.test                  : dml-->{database=atlantis-cloud, data=[{data={"bb":16.04893907}, id=9}], datatype={data=json, id=int}, type=INSERT, table=abc, prikey=id}
2022-01-21 10:37:59.821  INFO 7752 --- [main] com.zaxxer.hikari.HikariDataSource       : HikariPool-2 - Starting...
2022-01-21 10:37:59.972  INFO 7752 --- [main] com.zaxxer.hikari.HikariDataSource       : HikariPool-2 - Start completed.
2022-01-21 10:38:00.329  INFO 7752 --- [main] com.security.clickhouse.test111          : sql->CREATE TABLE IF NOT EXISTS `atlantis-cloud`.`abc` (id UInt64,bb Nullable(String)) ENGINE = ReplacingMergeTree() ORDER BY  (id) PRIMARY KEY (id);
2022-01-21 10:38:00.365  INFO 7752 --- [main] com.security.clickhouse.test111          : sql->INSERT INTO `atlantis-cloud`.`abc` (`id`,`bb`) VALUES('9','16.04893907');
2022-01-21 10:39:22.976  INFO 7752 --- [main] com.security.mysql.test                  : dml-->{database=atlantis-cloud, data=[{data={"aa":123,"bb":16.04893907}, id=9}], datatype={data=json, id=int}, type=UPDATE, table=abc, prikey=id}
2022-01-21 10:39:22.978  INFO 7752 --- [main] com.security.clickhouse.test111          : sql->alter table `atlantis-cloud`.`abc` add column aa Nullable(UInt64)
2022-01-21 10:39:23.004  INFO 7752 --- [main] com.security.clickhouse.test111          : sql->ALTER TABLE `atlantis-cloud`.`abc` UPDATE `aa`='123',`bb`='16.04893907' WHERE `id`=9
2022-01-21 10:39:48.478  INFO 7752 --- [main] com.security.mysql.test                  : dml-->{database=atlantis-cloud, data=[{data={"aa":123,"bb":16.04893907,"de":1.23}, id=9}], datatype={data=json, id=int}, type=UPDATE, table=abc, prikey=id}
2022-01-21 10:39:48.479  INFO 7752 --- [main] com.security.clickhouse.test111          : sql->alter table `atlantis-cloud`.`abc` add column de Nullable(String)
2022-01-21 10:39:48.527  INFO 7752 --- [main] com.security.clickhouse.test111          : sql->ALTER TABLE `atlantis-cloud`.`abc` UPDATE `aa`='123',`bb`='16.04893907',`de`='1.23' WHERE `id`=9
2022-01-21 10:40:27.126  INFO 2676 --- [main] com.security.MysqlClickhouseApplicatin   : Starting MysqlClickhouseApplicatin using Java 1.8.0_191 on pc-L with PID 2676 (C:\work\ideaproject\db-syn\mysql-clickhouse\target\classes started by Saint Kay in C:\work\ideaproject\db-syn)
2022-01-21 10:40:27.131  INFO 2676 --- [main] com.security.MysqlClickhouseApplicatin   : No active profile set, falling back to default profiles: default
2022-01-21 10:40:28.134  INFO 2676 --- [main] com.zaxxer.hikari.HikariDataSource       : HikariPool-1 - Starting...
2022-01-21 10:40:29.273  INFO 2676 --- [main] com.zaxxer.hikari.HikariDataSource       : HikariPool-1 - Start completed.
2022-01-21 10:40:29.512  INFO 2676 --- [main] c.g.shyiko.mysql.binlog.BinaryLogClient  : Connected to 192.168.2.203:3306 at mysql-bin.000337/30247 (sid:1, cid:3841)
2022-01-21 10:40:29.567  INFO 2676 --- [main] com.security.mysql.test                  : dml-->{database=atlantis-cloud, data=[{data={"bb":16.04893907}, id=9}], datatype={data=json, id=int}, type=INSERT, table=abc, prikey=id}
2022-01-21 10:40:29.568  INFO 2676 --- [main] com.zaxxer.hikari.HikariDataSource       : HikariPool-2 - Starting...
2022-01-21 10:40:29.670  INFO 2676 --- [main] com.zaxxer.hikari.HikariDataSource       : HikariPool-2 - Start completed.
2022-01-21 10:40:30.022  INFO 2676 --- [main] com.security.clickhouse.test111          : sql->INSERT INTO `atlantis-cloud`.`abc` (`id`,`bb`) VALUES('9','16.04893907');
2022-01-21 10:40:30.039  INFO 2676 --- [main] com.security.mysql.test                  : dml-->{database=atlantis-cloud, data=[{data={"aa":123,"bb":16.04893907}, id=9}], datatype={data=json, id=int}, type=UPDATE, table=abc, prikey=id}
2022-01-21 10:40:30.041  INFO 2676 --- [main] com.security.clickhouse.test111          : sql->ALTER TABLE `atlantis-cloud`.`abc` UPDATE `aa`='123',`bb`='16.04893907' WHERE `id`=9
2022-01-21 10:40:30.053  INFO 2676 --- [main] com.security.mysql.test                  : dml-->{database=atlantis-cloud, data=[{data={"aa":123,"bb":16.04893907,"de":1.23}, id=9}], datatype={data=json, id=int}, type=UPDATE, table=abc, prikey=id}
2022-01-21 10:40:30.054  INFO 2676 --- [main] com.security.clickhouse.test111          : sql->ALTER TABLE `atlantis-cloud`.`abc` UPDATE `aa`='123',`bb`='16.04893907',`de`='1.23' WHERE `id`=9
2022-01-21 10:41:01.067  INFO 7616 --- [main] com.security.MysqlClickhouseApplicatin   : Starting MysqlClickhouseApplicatin using Java 1.8.0_191 on pc-L with PID 7616 (C:\work\ideaproject\db-syn\mysql-clickhouse\target\classes started by Saint Kay in C:\work\ideaproject\db-syn)
2022-01-21 10:41:01.070  INFO 7616 --- [main] com.security.MysqlClickhouseApplicatin   : No active profile set, falling back to default profiles: default
2022-01-21 10:41:02.063  INFO 7616 --- [main] com.zaxxer.hikari.HikariDataSource       : HikariPool-1 - Starting...
2022-01-21 10:41:03.537  INFO 7616 --- [main] com.zaxxer.hikari.HikariDataSource       : HikariPool-1 - Start completed.
2022-01-21 10:41:03.996  INFO 7616 --- [main] c.g.shyiko.mysql.binlog.BinaryLogClient  : Connected to 192.168.2.203:3306 at mysql-bin.000337/30247 (sid:1, cid:3852)
2022-01-21 10:41:04.105  INFO 7616 --- [main] com.security.mysql.test                  : dml-->{database=atlantis-cloud, data=[{data={"bb":16.04893907}, id=9}], datatype={data=json, id=int}, type=INSERT, table=abc, prikey=id}
2022-01-21 10:41:04.106  INFO 7616 --- [main] com.zaxxer.hikari.HikariDataSource       : HikariPool-2 - Starting...
2022-01-21 10:41:04.276  INFO 7616 --- [main] com.zaxxer.hikari.HikariDataSource       : HikariPool-2 - Start completed.
2022-01-21 10:41:04.370  INFO 7616 --- [main] com.security.clickhouse.test111          : sql->CREATE DATABASE IF NOT EXISTS `atlantis-cloud`
2022-01-21 10:41:19.644  INFO 7616 --- [main] com.security.clickhouse.test111          : sql->CREATE TABLE IF NOT EXISTS `atlantis-cloud`.`abc` (id UInt64,bb Nullable(String)) ENGINE = ReplacingMergeTree() ORDER BY  (id) PRIMARY KEY (id);
2022-01-21 10:41:19.677  INFO 7616 --- [main] com.security.clickhouse.test111          : sql->INSERT INTO `atlantis-cloud`.`abc` (`id`,`bb`) VALUES('9','16.04893907');
2022-01-21 10:41:19.687  INFO 7616 --- [main] com.security.mysql.test                  : dml-->{database=atlantis-cloud, data=[{data={"aa":123,"bb":16.04893907}, id=9}], datatype={data=json, id=int}, type=UPDATE, table=abc, prikey=id}
2022-01-21 10:41:22.290  INFO 7616 --- [main] com.security.clickhouse.test111          : sql->alter table `atlantis-cloud`.`abc` add column aa Nullable(UInt64)
2022-01-21 10:41:22.311  INFO 7616 --- [main] com.security.clickhouse.test111          : sql->ALTER TABLE `atlantis-cloud`.`abc` UPDATE `aa`='123',`bb`='16.04893907' WHERE `id`=9
2022-01-21 10:41:22.318  INFO 7616 --- [main] com.security.mysql.test                  : dml-->{database=atlantis-cloud, data=[{data={"aa":123,"bb":16.04893907,"de":1.23}, id=9}], datatype={data=json, id=int}, type=UPDATE, table=abc, prikey=id}
2022-01-21 10:41:24.666  INFO 7616 --- [main] com.security.clickhouse.test111          : sql->alter table `atlantis-cloud`.`abc` add column de Nullable(String)
2022-01-21 10:41:24.732  INFO 7616 --- [main] com.security.clickhouse.test111          : sql->ALTER TABLE `atlantis-cloud`.`abc` UPDATE `aa`='123',`bb`='16.04893907',`de`='1.23' WHERE `id`=9
2022-01-21 10:42:08.528  INFO 1800 --- [main] com.security.MysqlClickhouseApplicatin   : Starting MysqlClickhouseApplicatin using Java 1.8.0_191 on pc-L with PID 1800 (C:\work\ideaproject\db-syn\mysql-clickhouse\target\classes started by Saint Kay in C:\work\ideaproject\db-syn)
2022-01-21 10:42:08.532  INFO 1800 --- [main] com.security.MysqlClickhouseApplicatin   : No active profile set, falling back to default profiles: default
2022-01-21 10:42:09.517  INFO 1800 --- [main] com.zaxxer.hikari.HikariDataSource       : HikariPool-1 - Starting...
2022-01-21 10:42:10.717  INFO 1800 --- [main] com.zaxxer.hikari.HikariDataSource       : HikariPool-1 - Start completed.
2022-01-21 10:42:10.908  INFO 1800 --- [main] c.g.shyiko.mysql.binlog.BinaryLogClient  : Connected to 192.168.2.203:3306 at mysql-bin.000337/30247 (sid:1, cid:3863)
2022-01-21 10:42:10.963  INFO 1800 --- [main] com.security.mysql.test                  : dml-->{database=atlantis-cloud, data=[{data={"bb":16.04893907}, id=9}], datatype={data=json, id=int}, type=INSERT, table=abc, prikey=id}
2022-01-21 10:42:10.964  INFO 1800 --- [main] com.zaxxer.hikari.HikariDataSource       : HikariPool-2 - Starting...
2022-01-21 10:42:11.063  INFO 1800 --- [main] com.zaxxer.hikari.HikariDataSource       : HikariPool-2 - Start completed.
2022-01-21 10:42:11.155  INFO 1800 --- [main] com.security.clickhouse.test111          : sql->CREATE DATABASE IF NOT EXISTS `atlantis-cloud`
2022-01-21 10:42:11.484  INFO 1800 --- [main] com.security.clickhouse.test111          : sql->CREATE TABLE IF NOT EXISTS `atlantis-cloud`.`abc` (id UInt64,bb Nullable(Decimal64(2))) ENGINE = ReplacingMergeTree() ORDER BY  (id) PRIMARY KEY (id);
2022-01-21 10:42:11.530  INFO 1800 --- [main] com.security.clickhouse.test111          : sql->INSERT INTO `atlantis-cloud`.`abc` (`id`,`bb`) VALUES('9','16.04893907');
2022-01-21 10:42:11.539  INFO 1800 --- [main] com.security.mysql.test                  : dml-->{database=atlantis-cloud, data=[{data={"aa":123,"bb":16.04893907}, id=9}], datatype={data=json, id=int}, type=UPDATE, table=abc, prikey=id}
2022-01-21 10:42:11.541  INFO 1800 --- [main] com.security.clickhouse.test111          : sql->alter table `atlantis-cloud`.`abc` add column aa Nullable(UInt64)
2022-01-21 10:42:11.556  INFO 1800 --- [main] com.security.clickhouse.test111          : sql->ALTER TABLE `atlantis-cloud`.`abc` UPDATE `aa`='123',`bb`='16.04893907' WHERE `id`=9
2022-01-21 10:42:11.593  INFO 1800 --- [main] com.security.mysql.test                  : dml-->{database=atlantis-cloud, data=[{data={"aa":123,"bb":16.04893907,"de":1.23}, id=9}], datatype={data=json, id=int}, type=UPDATE, table=abc, prikey=id}
2022-01-21 10:42:11.593  INFO 1800 --- [main] com.security.clickhouse.test111          : sql->alter table `atlantis-cloud`.`abc` add column de Nullable(Decimal64(2))
2022-01-21 10:42:11.678  INFO 1800 --- [main] com.security.clickhouse.test111          : sql->ALTER TABLE `atlantis-cloud`.`abc` UPDATE `aa`='123',`bb`='16.04893907',`de`='1.23' WHERE `id`=9
2022-01-21 10:43:26.617  INFO 1800 --- [main] com.security.mysql.test                  : dml-->{database=atlantis-cloud, data=[{data={"aa":123,"bb":16.0454,"de":1.23}, id=9}], datatype={data=json, id=int}, type=UPDATE, table=abc, prikey=id}
2022-01-21 10:43:26.617  INFO 1800 --- [main] com.security.clickhouse.test111          : sql->ALTER TABLE `atlantis-cloud`.`abc` UPDATE `aa`='123',`bb`='16.0454',`de`='1.23' WHERE `id`=9
2022-01-21 10:49:05.572  INFO 1800 --- [main] com.security.mysql.test                  : dml-->{database=atlantis-cloud, data=[{data={"aa":123,"bb":16.0454,"de":2.23}, id=9}], datatype={data=json, id=int}, type=UPDATE, table=abc, prikey=id}
2022-01-21 10:49:05.573  INFO 1800 --- [main] com.security.clickhouse.test111          : sql->ALTER TABLE `atlantis-cloud`.`abc` UPDATE `aa`='123',`bb`='16.0454',`de`='2.23' WHERE `id`=9
2022-01-21 10:49:21.165  INFO 1800 --- [main] com.security.mysql.test                  : dml-->{database=atlantis-cloud, data=[{data={"aa":123,"bb":16.222,"de":2.23}, id=9}], datatype={data=json, id=int}, type=UPDATE, table=abc, prikey=id}
2022-01-21 10:49:21.165  INFO 1800 --- [main] com.security.clickhouse.test111          : sql->ALTER TABLE `atlantis-cloud`.`abc` UPDATE `aa`='123',`bb`='16.222',`de`='2.23' WHERE `id`=9
2022-01-21 11:05:53.049  INFO 1800 --- [main] com.security.mysql.test                  : dml-->{database=atlantis-cloud, data=[{data={"aa":123,"bb":2.22,"de":2.23}, id=9}], datatype={data=json, id=int}, type=UPDATE, table=abc, prikey=id}
2022-01-21 11:05:53.050  INFO 1800 --- [main] com.security.clickhouse.test111          : sql->ALTER TABLE `atlantis-cloud`.`abc` UPDATE `aa`='123',`bb`='2.22',`de`='2.23' WHERE `id`=9
2022-01-21 11:06:13.462  INFO 1800 --- [main] com.security.mysql.test                  : dml-->{database=atlantis-cloud, data=[{data={"aa":123,"bb":16.04893907,"de":2.23}, id=9}], datatype={data=json, id=int}, type=UPDATE, table=abc, prikey=id}
2022-01-21 11:06:13.462  INFO 1800 --- [main] com.security.clickhouse.test111          : sql->ALTER TABLE `atlantis-cloud`.`abc` UPDATE `aa`='123',`bb`='16.04893907',`de`='2.23' WHERE `id`=9
2022-01-21 11:07:59.248  INFO 1800 --- [main] com.security.mysql.test                  : dml-->{database=atlantis-cloud, data=[{data={"aa":123,"bb":16.04,"de":2.23}, id=9}], datatype={data=json, id=int}, type=UPDATE, table=abc, prikey=id}
2022-01-21 11:07:59.249  INFO 1800 --- [main] com.security.clickhouse.test111          : sql->ALTER TABLE `atlantis-cloud`.`abc` UPDATE `aa`='123',`bb`='16.04',`de`='2.23' WHERE `id`=9
2022-01-21 11:08:26.743  INFO 1800 --- [main] com.security.mysql.test                  : dml-->{database=atlantis-cloud, data=[{data={"aa":123,"bb":16.04,"cc":"岁的法国","de":2.23}, id=11}], datatype={data=json, id=int}, type=INSERT, table=abc, prikey=id}
2022-01-21 11:08:26.744  INFO 1800 --- [main] com.security.clickhouse.test111          : sql->alter table `atlantis-cloud`.`abc` add column cc Nullable(String)
2022-01-21 11:08:26.832  INFO 1800 --- [main] com.security.clickhouse.test111          : sql->INSERT INTO `atlantis-cloud`.`abc` (`id`,`aa`,`bb`,`cc`,`de`) VALUES('11','123','16.04','岁的法国','2.23');
2022-01-21 11:15:26.285  INFO 17260 --- [main] com.security.MysqlClickhouseApplicatin   : Starting MysqlClickhouseApplicatin using Java 1.8.0_191 on pc-L with PID 17260 (C:\work\ideaproject\db-syn\mysql-clickhouse\target\classes started by Saint Kay in C:\work\ideaproject\db-syn)
2022-01-21 11:15:26.289  INFO 17260 --- [main] com.security.MysqlClickhouseApplicatin   : No active profile set, falling back to default profiles: default
2022-01-21 11:15:27.357  INFO 17260 --- [main] com.zaxxer.hikari.HikariDataSource       : HikariPool-1 - Starting...
2022-01-21 11:15:29.014  INFO 17260 --- [main] com.zaxxer.hikari.HikariDataSource       : HikariPool-1 - Start completed.
2022-01-21 11:15:29.367  INFO 17260 --- [main] c.g.shyiko.mysql.binlog.BinaryLogClient  : Connected to 192.168.2.203:3306 at mysql-bin.000337/30247 (sid:1, cid:3885)
2022-01-21 11:15:29.476  INFO 17260 --- [main] com.security.mysql.test                  : dml-->{database=atlantis-cloud, data=[{data={"bb":16.04893907}, id=9}], datatype={data=json, id=int}, type=INSERT, table=abc, prikey=id}
2022-01-21 11:15:29.476  INFO 17260 --- [main] com.zaxxer.hikari.HikariDataSource       : HikariPool-2 - Starting...
2022-01-21 11:15:29.633  INFO 17260 --- [main] com.zaxxer.hikari.HikariDataSource       : HikariPool-2 - Start completed.
2022-01-21 11:15:29.985  INFO 17260 --- [main] com.security.clickhouse.test111          : sql->INSERT INTO `atlantis-cloud`.`abc` (`id`,`bb`) VALUES('9','16.04893907');
2022-01-21 11:15:30.017  INFO 17260 --- [main] com.security.mysql.test                  : dml-->{database=atlantis-cloud, data=[{data={"aa":123,"bb":16.04893907}, id=9}], datatype={data=json, id=int}, type=UPDATE, table=abc, prikey=id}
2022-01-21 11:15:30.020  INFO 17260 --- [main] com.security.clickhouse.test111          : sql->ALTER TABLE `atlantis-cloud`.`abc` UPDATE `aa`='123',`bb`='16.04893907' WHERE `id`=9
2022-01-21 11:15:30.033  INFO 17260 --- [main] com.security.mysql.test                  : dml-->{database=atlantis-cloud, data=[{data={"aa":123,"bb":16.04893907,"de":1.23}, id=9}], datatype={data=json, id=int}, type=UPDATE, table=abc, prikey=id}
2022-01-21 11:15:30.034  INFO 17260 --- [main] com.security.clickhouse.test111          : sql->ALTER TABLE `atlantis-cloud`.`abc` UPDATE `aa`='123',`bb`='16.04893907',`de`='1.23' WHERE `id`=9
2022-01-21 11:15:30.043  INFO 17260 --- [main] com.security.mysql.test                  : dml-->{database=atlantis-cloud, data=[{data={"aa":123,"bb":16.0454,"de":1.23}, id=9}], datatype={data=json, id=int}, type=UPDATE, table=abc, prikey=id}
2022-01-21 11:15:30.043  INFO 17260 --- [main] com.security.clickhouse.test111          : sql->ALTER TABLE `atlantis-cloud`.`abc` UPDATE `aa`='123',`bb`='16.0454',`de`='1.23' WHERE `id`=9
2022-01-21 11:15:30.056  INFO 17260 --- [main] com.security.mysql.test                  : dml-->{database=atlantis-cloud, data=[{data={"aa":123,"bb":16.0454,"de":2.23}, id=9}], datatype={data=json, id=int}, type=UPDATE, table=abc, prikey=id}
2022-01-21 11:15:30.056  INFO 17260 --- [main] com.security.clickhouse.test111          : sql->ALTER TABLE `atlantis-cloud`.`abc` UPDATE `aa`='123',`bb`='16.0454',`de`='2.23' WHERE `id`=9
2022-01-21 11:15:30.082  INFO 17260 --- [main] com.security.mysql.test                  : dml-->{database=atlantis-cloud, data=[{data={"aa":123,"bb":16.222,"de":2.23}, id=9}], datatype={data=json, id=int}, type=UPDATE, table=abc, prikey=id}
2022-01-21 11:15:30.083  INFO 17260 --- [main] com.security.clickhouse.test111          : sql->ALTER TABLE `atlantis-cloud`.`abc` UPDATE `aa`='123',`bb`='16.222',`de`='2.23' WHERE `id`=9
2022-01-21 11:15:30.092  INFO 17260 --- [main] com.security.mysql.test                  : dml-->{database=atlantis-cloud, data=[{data={"aa":123,"bb":2.22,"de":2.23}, id=9}], datatype={data=json, id=int}, type=UPDATE, table=abc, prikey=id}
2022-01-21 11:15:30.092  INFO 17260 --- [main] com.security.clickhouse.test111          : sql->ALTER TABLE `atlantis-cloud`.`abc` UPDATE `aa`='123',`bb`='2.22',`de`='2.23' WHERE `id`=9
2022-01-21 11:15:30.125  INFO 17260 --- [main] com.security.mysql.test                  : dml-->{database=atlantis-cloud, data=[{data={"aa":123,"bb":16.04893907,"de":2.23}, id=9}], datatype={data=json, id=int}, type=UPDATE, table=abc, prikey=id}
2022-01-21 11:15:30.125  INFO 17260 --- [main] com.security.clickhouse.test111          : sql->ALTER TABLE `atlantis-cloud`.`abc` UPDATE `aa`='123',`bb`='16.04893907',`de`='2.23' WHERE `id`=9
2022-01-21 11:15:30.159  INFO 17260 --- [main] com.security.mysql.test                  : dml-->{database=atlantis-cloud, data=[{data={"aa":123,"bb":16.04,"de":2.23}, id=9}], datatype={data=json, id=int}, type=UPDATE, table=abc, prikey=id}
2022-01-21 11:15:30.159  INFO 17260 --- [main] com.security.clickhouse.test111          : sql->ALTER TABLE `atlantis-cloud`.`abc` UPDATE `aa`='123',`bb`='16.04',`de`='2.23' WHERE `id`=9
2022-01-21 11:15:30.167  INFO 17260 --- [main] com.security.mysql.test                  : dml-->{database=atlantis-cloud, data=[{data={"aa":123,"bb":16.04,"cc":"岁的法国","de":2.23}, id=11}], datatype={data=json, id=int}, type=INSERT, table=abc, prikey=id}
2022-01-21 11:15:30.167  INFO 17260 --- [main] com.security.clickhouse.test111          : sql->INSERT INTO `atlantis-cloud`.`abc` (`id`,`aa`,`bb`,`cc`,`de`) VALUES('11','123','16.04','岁的法国','2.23');
2022-01-21 11:16:03.527  INFO 17260 --- [main] com.security.mysql.test                  : dml-->{database=atlantis-cloud, data=[{data={"aa":123,"bb":16.04,"cc":"岁的法国","ded":{"a":1,"b":"b123"}}, id=11}], datatype={data=json, id=int}, type=UPDATE, table=abc, prikey=id}
2022-01-21 12:50:57.345  INFO 17260 --- [main] com.security.clickhouse.test111          : sql->alter table `atlantis-cloud`.`abc` add column ded Nullable(String)
2022-01-21 12:50:57.346  WARN 17260 --- [HikariPool-2 housekeeper] com.zaxxer.hikari.pool.HikariPool        : HikariPool-2 - Thread starvation or clock leap detected (housekeeper delta=1h34m57s603ms566µs300ns).
2022-01-21 12:50:57.346  WARN 17260 --- [HikariPool-1 housekeeper] com.zaxxer.hikari.pool.HikariPool        : HikariPool-1 - Thread starvation or clock leap detected (housekeeper delta=1h34m58s215ms39µs200ns).
2022-01-21 12:50:57.418  INFO 17260 --- [main] com.security.clickhouse.test111          : sql->ALTER TABLE `atlantis-cloud`.`abc` UPDATE `aa`='123',`bb`='16.04',`cc`='岁的法国',`ded`='{a=1, b=b123}' WHERE `id`=11
